Arguments: 
  C:\Program Files\nodejs\node.exe C:\Users\anant\AppData\Roaming\npm\node_modules\yarn\bin\yarn.js start

PATH: 
  C:\Windows\system32;C:\Windows;C:\Windows\System32\Wbem;C:\Windows\System32\WindowsPowerShell\v1.0\;C:\Windows\System32\OpenSSH\;C:\Program Files (x86)\NVIDIA Corporation\PhysX\Common;C:\Program Files\NVIDIA Corporation\NVIDIA NvDLISR;C:\WINDOWS\system32;C:\WINDOWS;C:\WINDOWS\System32\Wbem;C:\WINDOWS\System32\WindowsPowerShell\v1.0\;C:\WINDOWS\System32\OpenSSH\;C:\Program Files\Git\cmd;C:\Program Files\Git\mingw64\bin;C:\Program Files\Git\usr\bin;C:\Program Files\nodejs\;C:\Users\anant\AppData\Roaming\npm;C:\Users\anant\AppData\Local\Microsoft\WindowsApps;C:\Users\anant\AppData\Local\Programs\Microsoft VS Code\bin;C:\Users\anant\AppData\Local\GitHubDesktop\bin;C:\Program Files\Git\bin;C:\Program Files\nodejs;C:\Program Files\MongoDB\Server\4.4\bin;C:\Program Files\JetBrains\IntelliJ IDEA Community Edition 2020.3.1\bin;C:\Users\anant\AppData\Local\gitkraken\bin;C:\Users\anant\AppData\Roaming\npm;

Yarn version: 
  1.22.10

Node version: 
  16.1.0

Platform: 
  win32 x64

Trace: 
  SyntaxError: C:\Users\anant\Desktop\School\Semester two\Web\Week2c\package.json: Unexpected string in JSON at position 203
      at JSON.parse (<anonymous>)
      at C:\Users\anant\AppData\Roaming\npm\node_modules\yarn\lib\cli.js:1625:59
      at Generator.next (<anonymous>)
      at step (C:\Users\anant\AppData\Roaming\npm\node_modules\yarn\lib\cli.js:310:30)
      at C:\Users\anant\AppData\Roaming\npm\node_modules\yarn\lib\cli.js:321:13

npm manifest: 
  {
    "name": "com229-m2021-week2c",
    "version": "0.0.1",
    "description": "Demo Project for COMP229 - M2021 - Week 2",
    "main": "index.js",
    "author": "Ananthan Tharmavelautham",
    "license": "MIT"
  
    "scripts":
    {
      "start": "node index.js"
    }
  }

yarn manifest: 
  No manifest

Lockfile: 
  No lockfile
